<?xml version="1.0" encoding="UTF-8"?>
<testsuite xmlns:xsi="http://www.w3.org/2001/XMLSchema-instance" xsi:noNamespaceSchemaLocation="https://maven.apache.org/surefire/maven-surefire-plugin/xsd/surefire-test-report.xsd" version="3.0.2" name="com.example.automation.runners.CucumberTestRunnerTest" time="89.627" tests="14" errors="0" skipped="9" failures="0">
  <properties>
[...]
</properties>
  <testcase name="Submit a basic form successfully" classname="Web form submission" time="0.0">
    <skipped message="&apos;cucumber.filter.tags=( ( @signin or @performance ) or @compatibility )&apos; did not match this scenario"/>
    <system-err><![CDATA[Nov 26, 2025 12:55:13 PM org.openqa.selenium.devtools.CdpVersionFinder findNearestMatch
WARNING: Unable to find CDP implementation matching 142
Nov 26, 2025 12:55:13 PM org.openqa.selenium.chromium.ChromiumDriver lambda$new$5
WARNING: Unable to find version of CDP to use for 142.0.3595.94. You may need to include a dependency on a specific version of the CDP using something similar to `org.seleniumhq.selenium:selenium-devtools-v86:4.25.0` where the version ("v86") matches the version of the chromium-based browser you're using and the version number of the artifact is the same as Selenium's.
]]></system-err>
  </testcase>
  <testcase name="Verify URL and Page Load Criteria" classname="Yuba Website Performance and Compatibility Testing" time="4.887">
    <system-out><![CDATA[
@performance
Scenario: Verify URL and Page Load Criteria             &amp#27;[90m# features/yuba_performance_compatibility.feature:7&amp#27;[0m
  &amp#27;[32mGiven &amp#27;[0m&amp#27;[32mI navigate to the Yuba website&amp#27;[0m                  &amp#27;[90m# com.example.automation.steps.YubaPerformanceSteps.i_navigate_to_the_yuba_website()&amp#27;[0m
  &amp#27;[32mWhen &amp#27;[0m&amp#27;[32mthe page loads&amp#27;[0m                                   &amp#27;[90m# com.example.automation.steps.YubaPerformanceSteps.the_page_loads()&amp#27;[0m
  &amp#27;[32mThen &amp#27;[0m&amp#27;[32mthe website should load successfully&amp#27;[0m             &amp#27;[90m# com.example.automation.steps.YubaPerformanceSteps.the_website_should_load_successfully()&amp#27;[0m
  &amp#27;[32mAnd &amp#27;[0m&amp#27;[32mthe HTTP status code should be 200 OK&amp#27;[0m             &amp#27;[90m# com.example.automation.steps.YubaPerformanceSteps.the_http_status_code_should_be_200_ok()&amp#27;[0m
  &amp#27;[32mAnd &amp#27;[0m&amp#27;[32mthere should be no server errors&amp#27;[0m                  &amp#27;[90m# com.example.automation.steps.YubaPerformanceSteps.there_should_be_no_server_errors()&amp#27;[0m
  &amp#27;[32mAnd &amp#27;[0m&amp#27;[32mthe page load time should be less than 20 seconds&amp#27;[0m &amp#27;[90m# com.example.automation.steps.YubaPerformanceSteps.the_page_load_time_should_be_less_than_20_seconds()&amp#27;[0m
]]></system-out>
  </testcase>
  <testcase name="Verify Desktop Responsive Behavior" classname="Yuba Website Performance and Compatibility Testing" time="16.162">
    <system-out><![CDATA[
@compatibility @responsive
Scenario: Verify Desktop Responsive Behavior                     &amp#27;[90m# features/yuba_performance_compatibility.feature:16&amp#27;[0m
  &amp#27;[32mGiven &amp#27;[0m&amp#27;[32mI navigate to the Yuba website with desktop viewport&amp#27;[0m     &amp#27;[90m# com.example.automation.steps.YubaPerformanceSteps.i_navigate_to_the_yuba_website_with_desktop_viewport()&amp#27;[0m
  &amp#27;[32mWhen &amp#27;[0m&amp#27;[32mthe page loads completely&amp#27;[0m                                 &amp#27;[90m# com.example.automation.steps.YubaPerformanceSteps.the_page_loads_completely()&amp#27;[0m
  &amp#27;[32mThen &amp#27;[0m&amp#27;[32mthe desktop layout should render correctly&amp#27;[0m                &amp#27;[90m# com.example.automation.steps.YubaPerformanceSteps.the_desktop_layout_should_render_correctly()&amp#27;[0m
  &amp#27;[32mAnd &amp#27;[0m&amp#27;[32mthere should be no UI misalignment or overlapping elements&amp#27;[0m &amp#27;[90m# com.example.automation.steps.YubaPerformanceSteps.there_should_be_no_ui_misalignment_or_overlapping_elements()&amp#27;[0m
  &amp#27;[32mAnd &amp#27;[0m&amp#27;[32mthere should be no horizontal scrolling&amp#27;[0m                    &amp#27;[90m# com.example.automation.steps.YubaPerformanceSteps.there_should_be_no_horizontal_scrolling()&amp#27;[0m
  &amp#27;[32mAnd &amp#27;[0m&amp#27;[32mall main UI components should be visible&amp#27;[0m                   &amp#27;[90m# com.example.automation.steps.YubaPerformanceSteps.all_main_ui_components_should_be_visible()&amp#27;[0m
]]></system-out>
  </testcase>
  <testcase name="Example #1.1" classname="Examples" time="2.414">
    <system-out><![CDATA[
@compatibility @browser
Scenario Outline: Verify Browser Compatibility    &amp#27;[90m# features/yuba_performance_compatibility.feature:33&amp#27;[0m
  &amp#27;[32mGiven &amp#27;[0m&amp#27;[32mI navigate to the Yuba website using &amp#27;[0m&amp#27;[32m&amp#27;[1mEdge&amp#27;[0m &amp#27;[90m# com.example.automation.steps.YubaPerformanceSteps.i_navigate_to_the_yuba_website_using(java.lang.String)&amp#27;[0m
  &amp#27;[32mWhen &amp#27;[0m&amp#27;[32mthe page loads&amp#27;[0m                             &amp#27;[90m# com.example.automation.steps.YubaPerformanceSteps.the_page_loads()&amp#27;[0m
  &amp#27;[32mThen &amp#27;[0m&amp#27;[32mthe website should load successfully&amp#27;[0m       &amp#27;[90m# com.example.automation.steps.YubaPerformanceSteps.the_website_should_load_successfully()&amp#27;[0m
  &amp#27;[32mAnd &amp#27;[0m&amp#27;[32mthe page should render without errors&amp#27;[0m       &amp#27;[90m# com.example.automation.steps.YubaPerformanceSteps.the_page_should_render_without_errors()&amp#27;[0m
]]></system-out>
  </testcase>
  <testcase name="Example #1.2" classname="Examples" time="2.723">
    <system-out><![CDATA[
@compatibility @browser
Scenario Outline: Verify Browser Compatibility      &amp#27;[90m# features/yuba_performance_compatibility.feature:34&amp#27;[0m
  &amp#27;[32mGiven &amp#27;[0m&amp#27;[32mI navigate to the Yuba website using &amp#27;[0m&amp#27;[32m&amp#27;[1mChrome&amp#27;[0m &amp#27;[90m# com.example.automation.steps.YubaPerformanceSteps.i_navigate_to_the_yuba_website_using(java.lang.String)&amp#27;[0m
  &amp#27;[32mWhen &amp#27;[0m&amp#27;[32mthe page loads&amp#27;[0m                               &amp#27;[90m# com.example.automation.steps.YubaPerformanceSteps.the_page_loads()&amp#27;[0m
  &amp#27;[32mThen &amp#27;[0m&amp#27;[32mthe website should load successfully&amp#27;[0m         &amp#27;[90m# com.example.automation.steps.YubaPerformanceSteps.the_website_should_load_successfully()&amp#27;[0m
  &amp#27;[32mAnd &amp#27;[0m&amp#27;[32mthe page should render without errors&amp#27;[0m         &amp#27;[90m# com.example.automation.steps.YubaPerformanceSteps.the_page_should_render_without_errors()&amp#27;[0m
]]></system-out>
  </testcase>
  <testcase name="Complete sign in process with dashboard navigation" classname="Yuba Sign In" time="61.689">
    <system-out><![CDATA[
@signin @signin
Scenario: Complete sign in process with dashboard navigation &amp#27;[90m# features/yuba_sign_in.feature:8&amp#27;[0m
  &amp#27;[32mGiven &amp#27;[0m&amp#27;[32mI open the Yuba homepage&amp#27;[0m                             &amp#27;[90m# com.example.automation.steps.YubaSignInSteps.i_open_the_yuba_homepage()&amp#27;[0m
  &amp#27;[32mWhen &amp#27;[0m&amp#27;[32mI click the Sign In button&amp#27;[0m                            &amp#27;[90m# com.example.automation.steps.YubaSignInSteps.i_click_the_sign_in_button()&amp#27;[0m
  &amp#27;[32mAnd &amp#27;[0m&amp#27;[32mI enter my email &amp#27;[0m&amp#27;[32m&amp#27;[1m"thedronberhanu05@gmail.com"&amp#27;[0m          &amp#27;[90m# com.example.automation.steps.YubaSignInSteps.i_enter_my_email(java.lang.String)&amp#27;[0m
  &amp#27;[32mAnd &amp#27;[0m&amp#27;[32mI enter my password &amp#27;[0m&amp#27;[32m&amp#27;[1m"Ttbbss&$12"&amp#27;[0m                       &amp#27;[90m# com.example.automation.steps.YubaSignInSteps.i_enter_my_password(java.lang.String)&amp#27;[0m
  &amp#27;[32mAnd &amp#27;[0m&amp#27;[32mI click the sign in submit button&amp#27;[0m                      &amp#27;[90m# com.example.automation.steps.YubaSignInSteps.i_click_the_sign_in_submit_button()&amp#27;[0m
  &amp#27;[32mThen &amp#27;[0m&amp#27;[32mI should be signed in successfully&amp#27;[0m                    &amp#27;[90m# com.example.automation.steps.YubaSignInSteps.i_should_be_signed_in_successfully()&amp#27;[0m
Dashboard navigation button clicked at: 1764150986217ms
  &amp#27;[32mWhen &amp#27;[0m&amp#27;[32mI click the dashboard navigation button&amp#27;[0m               &amp#27;[90m# com.example.automation.steps.YubaSignInSteps.i_click_the_dashboard_navigation_button()&amp#27;[0m
Dashboard page fully loaded at: 1764150986376ms
  &amp#27;[32mThen &amp#27;[0m&amp#27;[32mI should reach the dashboard workspace page&amp#27;[0m           &amp#27;[90m# com.example.automation.steps.YubaSignInSteps.i_should_reach_the_dashboard_workspace_page()&amp#27;[0m
=== DASHBOARD LOADING TIME TRACKING ===
Button clicked at: 1764150986217ms
Dashboard loaded at: 1764150986376ms
Total loading time: 159ms (0.159 seconds)
=======================================
  &amp#27;[32mAnd &amp#27;[0m&amp#27;[32mthe dashboard loading time should be tracked&amp#27;[0m           &amp#27;[90m# com.example.automation.steps.YubaSignInSteps.the_dashboard_loading_time_should_be_tracked()&amp#27;[0m
]]></system-out>
  </testcase>
  <testcase name="Verify homepage loads with key elements" classname="Yuba Website Navigation and Functionality" time="0.0">
    <skipped message="&apos;cucumber.filter.tags=( ( @signin or @performance ) or @compatibility )&apos; did not match this scenario"/>
  </testcase>
  <testcase name="Navigate to different sections" classname="Yuba Website Navigation and Functionality" time="0.0">
    <skipped message="&apos;cucumber.filter.tags=( ( @signin or @performance ) or @compatibility )&apos; did not match this scenario"/>
  </testcase>
  <testcase name="Verify Problem Discovery module is accessible" classname="Yuba Website Navigation and Functionality" time="0.0">
    <skipped message="&apos;cucumber.filter.tags=( ( @signin or @performance ) or @compatibility )&apos; did not match this scenario"/>
  </testcase>
  <testcase name="Verify trusted partners section displays" classname="Yuba Website Navigation and Functionality" time="0.0">
    <skipped message="&apos;cucumber.filter.tags=( ( @signin or @performance ) or @compatibility )&apos; did not match this scenario"/>
  </testcase>
  <testcase name="Verify industry agnostic section" classname="Yuba Website Navigation and Functionality" time="0.0">
    <skipped message="&apos;cucumber.filter.tags=( ( @signin or @performance ) or @compatibility )&apos; did not match this scenario"/>
  </testcase>
  <testcase name="Verify Venture Builders section" classname="Yuba Website Navigation and Functionality" time="0.0">
    <skipped message="&apos;cucumber.filter.tags=( ( @signin or @performance ) or @compatibility )&apos; did not match this scenario"/>
  </testcase>
  <testcase name="Verify FAQs section functionality" classname="Yuba Website Navigation and Functionality" time="0.0">
    <skipped message="&apos;cucumber.filter.tags=( ( @signin or @performance ) or @compatibility )&apos; did not match this scenario"/>
  </testcase>
  <testcase name="Verify footer elements" classname="Yuba Website Navigation and Functionality" time="0.0">
    <skipped message="&apos;cucumber.filter.tags=( ( @signin or @performance ) or @compatibility )&apos; did not match this scenario"/>
  </testcase>
</testsuite>