<?xml version="1.0" encoding="UTF-8"?>
<testsuite xmlns:xsi="http://www.w3.org/2001/XMLSchema-instance" xsi:noNamespaceSchemaLocation="https://maven.apache.org/surefire/maven-surefire-plugin/xsd/surefire-test-report.xsd" version="3.0.2" name="com.example.automation.runners.CucumberTestRunnerTest" time="64.103" tests="15" errors="0" skipped="14" failures="0">
  <properties>
[...]
</properties>
  <testcase name="Submit a basic form successfully" classname="Web form submission" time="0.0">
    <skipped message="&apos;cucumber.filter.tags=@sim&apos; did not match this scenario"/>
    <system-err><![CDATA[Dec 09, 2025 2:48:53 PM org.openqa.selenium.devtools.CdpVersionFinder findNearestMatch
WARNING: Unable to find CDP implementation matching 143
Dec 09, 2025 2:48:53 PM org.openqa.selenium.chromium.ChromiumDriver lambda$new$5
WARNING: Unable to find version of CDP to use for 143.0.3650.66. You may need to include a dependency on a specific version of the CDP using something similar to `org.seleniumhq.selenium:selenium-devtools-v86:4.25.0` where the version ("v86") matches the version of the chromium-based browser you're using and the version number of the artifact is the same as Selenium's.
]]></system-err>
  </testcase>
  <testcase name="Verify URL and Page Load Criteria" classname="Yuba Website Performance and Compatibility Testing" time="0.0">
    <skipped message="&apos;cucumber.filter.tags=@sim&apos; did not match this scenario"/>
  </testcase>
  <testcase name="Verify Desktop Responsive Behavior" classname="Yuba Website Performance and Compatibility Testing" time="0.0">
    <skipped message="&apos;cucumber.filter.tags=@sim&apos; did not match this scenario"/>
  </testcase>
  <testcase name="Example #1.1" classname="Examples" time="0.0">
    <skipped message="&apos;cucumber.filter.tags=@sim&apos; did not match this scenario"/>
  </testcase>
  <testcase name="Example #1.2" classname="Examples" time="0.0">
    <skipped message="&apos;cucumber.filter.tags=@sim&apos; did not match this scenario"/>
  </testcase>
  <testcase name="Complete sign in process with dashboard navigation" classname="Yuba Sign In" time="0.0">
    <skipped message="&apos;cucumber.filter.tags=@sim&apos; did not match this scenario"/>
  </testcase>
  <testcase name="Complete User Invitration to organization by org Admin" classname="Yuba SIM" time="62.107">
    <system-out><![CDATA[
@sim @sim
Scenario: Complete User Invitration to organization by org Admin                                                                                       &amp#27;[90m# features/yuba_sim.feature:8&amp#27;[0m
  &amp#27;[32mGiven &amp#27;[0m&amp#27;[32mI open the Yuba homepage&amp#27;[0m                                                                                                                       &amp#27;[90m# com.example.automation.steps.YubaSignInSteps.i_open_the_yuba_homepage()&amp#27;[0m
  &amp#27;[32mWhen &amp#27;[0m&amp#27;[32mI click the Sign In button&amp#27;[0m                                                                                                                      &amp#27;[90m# com.example.automation.steps.YubaSignInSteps.i_click_the_sign_in_button()&amp#27;[0m
  &amp#27;[32mAnd &amp#27;[0m&amp#27;[32mI enter my email &amp#27;[0m&amp#27;[32m&amp#27;[1m"tewodrosberhanu16@gmail.com"&amp#27;[0m                                                                                                   &amp#27;[90m# com.example.automation.steps.YubaSignInSteps.i_enter_my_email(java.lang.String)&amp#27;[0m
  &amp#27;[32mAnd &amp#27;[0m&amp#27;[32mI enter my password &amp#27;[0m&amp#27;[32m&amp#27;[1m"Ttbbss12&$"&amp#27;[0m                                                                                                                 &amp#27;[90m# com.example.automation.steps.YubaSignInSteps.i_enter_my_password(java.lang.String)&amp#27;[0m
  &amp#27;[32mAnd &amp#27;[0m&amp#27;[32mI click the sign in submit button&amp#27;[0m                                                                                                                &amp#27;[90m# com.example.automation.steps.YubaSignInSteps.i_click_the_sign_in_submit_button()&amp#27;[0m
Initial URL after sign-in: https://yubanow.com/signin
Navigation detected. Current URL: https://yubanow.com/choose-workspace
After navigation, current URL: https://yubanow.com/choose-workspace
Waiting for workspace page to load... Body length: 101
Waiting for workspace page to load... Body length: 101
Waiting for workspace page to load... Body length: 101
Waiting for workspace page to load... Body length: 101
Successfully navigated to choose-workspace page: https://yubanow.com/choose-workspace
  &amp#27;[32mAnd &amp#27;[0m&amp#27;[32mI wait for navigation to choose workspace page&amp#27;[0m                                                                                                   &amp#27;[90m# com.example.automation.steps.YubaSimSteps.i_wait_for_navigation_to_choose_workspace_page()&amp#27;[0m
Successfully clicked element at: /html/body/div[1]/div/div/div[2]/div[1]
  &amp#27;[32mAnd &amp#27;[0m&amp#27;[32mI click the element &amp#27;[0m&amp#27;[32m&amp#27;[1m"/html/body/div[1]/div/div/div[2]/div[1]"&amp#27;[0m                                                                                    &amp#27;[90m# com.example.automation.steps.YubaSimSteps.i_click_the_element(java.lang.String)&amp#27;[0m
  &amp#27;[32mAnd &amp#27;[0m&amp#27;[32mI click the button &amp#27;[0m&amp#27;[32m&amp#27;[1m"/html/body/div[1]/div/div/div[3]/button[1]"&amp#27;[0m                                                                                  &amp#27;[90m# com.example.automation.steps.YubaSimSteps.i_click_the_button(java.lang.String)&amp#27;[0m
Navigation completed and individual email field is ready
  &amp#27;[32mAnd &amp#27;[0m&amp#27;[32mI click the navigation link &amp#27;[0m&amp#27;[32m&amp#27;[1m"/html/body/div[1]/aside/div[2]/nav/ul/li[2]/a"&amp#27;[0m                                                                      &amp#27;[90m# com.example.automation.steps.YubaSimSteps.i_click_the_navigation_link(java.lang.String)&amp#27;[0m
  &amp#27;[32mAnd &amp#27;[0m&amp#27;[32mI enter email &amp#27;[0m&amp#27;[32m&amp#27;[1m"tewodrosberhanu19@gmail.com"&amp#27;[0m&amp#27;[32m in the individual email field&amp#27;[0m                                                                        &amp#27;[90m# com.example.automation.steps.YubaSimSteps.i_enter_email_in_the_individual_email_field(java.lang.String)&amp#27;[0m
  &amp#27;[32mAnd &amp#27;[0m&amp#27;[32mI click the form submit button &amp#27;[0m&amp#27;[32m&amp#27;[1m"/html/body/div[1]/div/main/div/div[2]/div[1]/div/div[2]/div/div/div/div[2]/form/div[3]/div[2]/div[1]/div/button"&amp#27;[0m &amp#27;[90m# com.example.automation.steps.YubaSimSteps.i_click_the_form_submit_button(java.lang.String)&amp#27;[0m
]]></system-out>
  </testcase>
  <testcase name="Verify homepage loads with key elements" classname="Yuba Website Navigation and Functionality" time="0.0">
    <skipped message="&apos;cucumber.filter.tags=@sim&apos; did not match this scenario"/>
  </testcase>
  <testcase name="Navigate to different sections" classname="Yuba Website Navigation and Functionality" time="0.0">
    <skipped message="&apos;cucumber.filter.tags=@sim&apos; did not match this scenario"/>
  </testcase>
  <testcase name="Verify Problem Discovery module is accessible" classname="Yuba Website Navigation and Functionality" time="0.0">
    <skipped message="&apos;cucumber.filter.tags=@sim&apos; did not match this scenario"/>
  </testcase>
  <testcase name="Verify trusted partners section displays" classname="Yuba Website Navigation and Functionality" time="0.0">
    <skipped message="&apos;cucumber.filter.tags=@sim&apos; did not match this scenario"/>
  </testcase>
  <testcase name="Verify industry agnostic section" classname="Yuba Website Navigation and Functionality" time="0.0">
    <skipped message="&apos;cucumber.filter.tags=@sim&apos; did not match this scenario"/>
  </testcase>
  <testcase name="Verify Venture Builders section" classname="Yuba Website Navigation and Functionality" time="0.0">
    <skipped message="&apos;cucumber.filter.tags=@sim&apos; did not match this scenario"/>
  </testcase>
  <testcase name="Verify FAQs section functionality" classname="Yuba Website Navigation and Functionality" time="0.0">
    <skipped message="&apos;cucumber.filter.tags=@sim&apos; did not match this scenario"/>
  </testcase>
  <testcase name="Verify footer elements" classname="Yuba Website Navigation and Functionality" time="0.0">
    <skipped message="&apos;cucumber.filter.tags=@sim&apos; did not match this scenario"/>
  </testcase>
</testsuite>